<?xml version="1.0" encoding="UTF-8"?>
<testng-results ignored="0" total="1" passed="1" failed="0" skipped="0">
  <reporter-output>
  </reporter-output>
  <suite started-at="2022-06-24T14:58:12 IST" name="Default suite" finished-at="2022-06-24T14:58:33 IST" duration-ms="20732">
    <groups>
    </groups>
    <test started-at="2022-06-24T14:58:12 IST" name="Default test" finished-at="2022-06-24T14:58:33 IST" duration-ms="20732">
      <class name="Test.ZerodhaPinPageTest">
        <test-method is-config="true" signature="LaunchBrowser()[pri:0, instance:Test.ZerodhaPinPageTest@2c35e847]" started-at="2022-06-24T14:58:12 IST" name="LaunchBrowser" finished-at="2022-06-24T14:58:28 IST" duration-ms="15650" status="PASS">
          <reporter-output>
          </reporter-output>
        </test-method> <!-- LaunchBrowser -->
        <test-method signature="ZerodhaLoginWithPinTest()[pri:0, instance:Test.ZerodhaPinPageTest@2c35e847]" started-at="2022-06-24T14:58:28 IST" name="ZerodhaLoginWithPinTest" finished-at="2022-06-24T14:58:33 IST" duration-ms="5024" status="PASS">
          <reporter-output>
          </reporter-output>
        </test-method> <!-- ZerodhaLoginWithPinTest -->
      </class> <!-- Test.ZerodhaPinPageTest -->
    </test> <!-- Default test -->
  </suite> <!-- Default suite -->
</testng-results>
