<?xml version="1.0" encoding="UTF-8"?>
<!-- Generated by org.testng.reporters.JUnitXMLReporter -->
<testsuite ignored="0" hostname="DESKTOP-265E00S" failures="0" tests="4" name="Test" time="106.609" errors="0" timestamp="2022-06-13T21:40:46 IST">
  <testcase classname="Test.ZerodhaForgotPasswordTest" name="clickOnForgotPasswordTest" time="2.283"/>
  <testcase classname="Test.ZerodhaPinPageTest" name="ZerodhaLoginWithPinTest" time="3.569"/>
  <testcase classname="Test.LoginPageTest" name="loginwithvalidCredentialsTest" time="1.434"/>
  <testcase classname="Test.ZerodhaHomePageTest" name="ZerodhaLoginWithPinTest" time="24.079"/>
</testsuite> <!-- Test -->
